<?xml version="1.0" encoding="UTF-8"?>
<!-- Generated by org.testng.reporters.JUnitReportReporter -->
<testsuite hostname="LTIN487621" failures="0" tests="4" name="testCases.TC_01" time="206.652" errors="0" timestamp="2024-04-08T16:36:16 IST" skipped="0">
  <testcase classname="testCases.TC_01" name="checkLocations" time="43.453"/>
  <testcase classname="testCases.TC_01" name="checkSpecialist" time="0.211"/>
  <testcase classname="testCases.TC_01" name="checkUrl" time="0.236"/>
  <testcase classname="testCases.TC_01" name="checkDoctorDetials" time="162.752"/>
</testsuite> <!-- testCases.TC_01 -->
