<?xml version="1.0" encoding="UTF-8"?>
<!-- Generated by org.testng.reporters.JUnitReportReporter -->
<testsuite hostname="LTIN487621" failures="0" tests="1" name="testCases.TC_05" time="119.909" errors="0" timestamp="2024-04-08T16:36:16 IST" skipped="0">
  <testcase classname="testCases.TC_05" name="endToEnd" time="119.909"/>
</testsuite> <!-- testCases.TC_05 -->
