<?xml version="1.0" encoding="UTF-8"?>
<!-- Generated by org.testng.reporters.JUnitReportReporter -->
<testsuite hostname="LTIN487621" failures="0" tests="2" name="testCases.TC_02" time="31.259" errors="0" timestamp="2024-04-08T16:36:16 IST" skipped="0">
  <testcase classname="testCases.TC_02" name="checkSurgiersPageOpened" time="30.652"/>
  <testcase classname="testCases.TC_02" name="printSurgeries" time="0.607"/>
</testsuite> <!-- testCases.TC_02 -->
